07.11.2020 16:56:42	Этот журнал содержит сведения об операции импорта схемы в проект "DB_Homework_K" на компьютере "DESKTOP-DBA16L2", выполненной пользователем "Demian".
07.11.2020 16:56:42	Импорт схемы базы данных начат.
07.11.2020 16:56:48	Идет сбор учетных данных для базы данных
07.11.2020 16:56:48	Идет сбор параметров базы данных
07.11.2020 16:56:48	Собирается параметр конфигурации области универсальной базы данных
07.11.2020 16:56:48	Идет сбор пользователей
07.11.2020 16:56:48	Идет сбор ролей
07.11.2020 16:56:48	Идет сбор ролей приложений
07.11.2020 16:56:48	Идет сбор членств ролей
07.11.2020 16:56:48	Идет сбор файловых групп
07.11.2020 16:56:48	Идет сбор полнотекстовых каталогов
07.11.2020 16:56:48	Идет сбор сборок
07.11.2020 16:56:48	Идет сбор сертификатов
07.11.2020 16:56:48	Идет сбор асимметричных ключей
07.11.2020 16:56:48	Идет сбор симметричных ключей
07.11.2020 16:56:48	Идет сбор зашифрованных симметричных ключей
07.11.2020 16:56:48	Идет сбор схем
07.11.2020 16:56:48	Идет сбор коллекции схем XML
07.11.2020 16:56:48	Идет сбор определяемых пользователем типов данных
07.11.2020 16:56:48	Идет сбор определяемых пользователем типов
07.11.2020 16:56:48	Идет сбор табличных типов
07.11.2020 16:56:48	Сбор уникальных ключей для табличных типов
07.11.2020 16:56:48	Идет сбор первичных ключей для табличных типов
07.11.2020 16:56:48	Сбор индексов для табличных типов
07.11.2020 16:56:49	Идет сбор проверочных ограничений для табличных типов
07.11.2020 16:56:49	Идет сбор ограничений по умолчанию для табличных типов
07.11.2020 16:56:49	Идет сбор функций секционирования
07.11.2020 16:56:49	Идет сбор схем секционирования
07.11.2020 16:56:49	Идет сбор функций
07.11.2020 16:56:49	Сбор зашифрованных функций
07.11.2020 16:56:49	Идет сбор статистических выражений
07.11.2020 16:56:49	Идет сбор процедур
07.11.2020 16:56:49	Сбор зашифрованных процедур
07.11.2020 16:56:49	Идет сбор таблиц
07.11.2020 16:56:49	Идет сбор первичных ключей
07.11.2020 16:56:49	Идет сбор ограничений уникальности
07.11.2020 16:56:49	Идет сбор внешних ключей
07.11.2020 16:56:49	Идет сбор ограничений по умолчанию
07.11.2020 16:56:49	Идет сбор проверочных ограничений
07.11.2020 16:56:49	Идет сбор представлений
07.11.2020 16:56:49	Сбор зашифрованных представлений
07.11.2020 16:56:49	Идет сбор индексов
07.11.2020 16:56:49	Идет сбор статистики
07.11.2020 16:56:49	Идет сбор списков стоп-слов полнотекстовых индексов
07.11.2020 16:56:49	Сбор списков свойств поиска
07.11.2020 16:56:49	Сбор свойств поиска
07.11.2020 16:56:49	Идет сбор полнотекстовых индексов
07.11.2020 16:56:49	Сбор индексов хранилища столбцов
07.11.2020 16:56:49	Идет сбор пространственных индексов
07.11.2020 16:56:49	Идет сбор XML-индексов
07.11.2020 16:56:49	Сбор селективных XML-индексов
07.11.2020 16:56:49	Сбор зашифрованных триггеров
07.11.2020 16:56:49	Идет сбор триггеров
07.11.2020 16:56:49	Идет сбор зашифрованных триггеров и триггеров ddl clr
07.11.2020 16:56:49	Идет сбор триггеров ddl
07.11.2020 16:56:49	Создание ограничений границы
07.11.2020 16:56:49	Идет сбор синонимов
07.11.2020 16:56:49	Идет сбор значений по умолчанию
07.11.2020 16:56:49	Идет сбор привязок uddt ограничений данных
07.11.2020 16:56:49	Идет сбор правил
07.11.2020 16:56:49	Идет сбор привязок uddt ограничений данных
07.11.2020 16:56:49	Идет сбор типов сообщений
07.11.2020 16:56:49	Идет сбор списков ожидания
07.11.2020 16:56:49	Идет сбор контрактов
07.11.2020 16:56:49	Идет сбор служб
07.11.2020 16:56:49	Идет сбор уведомлений о событиях
07.11.2020 16:56:49	Идет сбор привязок удаленных служб
07.11.2020 16:56:49	Идет сбор приоритетов брокера
07.11.2020 16:56:49	Идет сбор подписей
07.11.2020 16:56:49	Идет сбор параметров сжатия данных
07.11.2020 16:56:49	Сбор типов последовательностей
07.11.2020 16:56:49	Идет сбор политик безопасности
07.11.2020 16:56:49	Сбор ключей шифрования столбцов
07.11.2020 16:56:49	Сбор главных ключей столбцов
07.11.2020 16:56:49	Выполняется сбор внешних источников данных
07.11.2020 16:56:49	Выполняется сбор внешних форматов файлов
07.11.2020 16:56:49	Выполняется сбор внешних таблиц
07.11.2020 16:56:49	Идет сбор расширенных свойств
07.11.2020 16:56:49	Идет сбор учетных данных
07.11.2020 16:56:49	Идет сбор имен входа
07.11.2020 16:56:49	Идет сбор аудитов сервера
07.11.2020 16:56:50	Выполняется проверка проекта на наличие повторяющихся элементов
07.11.2020 16:56:50	Обработка повторяющегося элемента завершена
07.11.2020 16:56:50	Импорт базы данных завершен.
07.11.2020 16:56:50	summary операции импорта была сохранена по следующему пути: C:\Users\Demian\source\repos\DB_Homework_K\DB_Homework_K\Журналы импорта схем\DB_Homework_K_20201107025642.log
07.11.2020 16:56:50	Для продолжения нажмите кнопку ''Готово''...
